<?xml version="1.0" encoding="UTF-8"?>
<testng-results ignored="0" total="2" passed="2" failed="0" skipped="0">
  <reporter-output>
  </reporter-output>
  <suite started-at="2021-04-25T12:26:42 PDT" name="Default suite" finished-at="2021-04-25T12:26:44 PDT" duration-ms="2969">
    <groups>
    </groups>
    <test started-at="2021-04-25T12:26:42 PDT" name="Default test" finished-at="2021-04-25T12:26:44 PDT" duration-ms="2969">
      <class name="restAssuredAPITest.RestAssuredAPITest">
        <test-method signature="deleteRequest()[pri:0, instance:restAssuredAPITest.RestAssuredAPITest@394a2528]" started-at="2021-04-25T12:26:42 PDT" name="deleteRequest" finished-at="2021-04-25T12:26:44 PDT" duration-ms="2275" status="PASS">
          <reporter-output>
          </reporter-output>
        </test-method> <!-- deleteRequest -->
        <test-method signature="getRequest()[pri:0, instance:restAssuredAPITest.RestAssuredAPITest@394a2528]" started-at="2021-04-25T12:26:44 PDT" name="getRequest" finished-at="2021-04-25T12:26:44 PDT" duration-ms="648" status="PASS">
          <reporter-output>
          </reporter-output>
        </test-method> <!-- getRequest -->
      </class> <!-- restAssuredAPITest.RestAssuredAPITest -->
    </test> <!-- Default test -->
  </suite> <!-- Default suite -->
</testng-results>
